#
# A fatal error has been detected by the Java Runtime Environment:
#
#  EXCEPTION_ACCESS_VIOLATION (0xc0000005) at pc=0x00000000703fa0a5, pid=13924, tid=0x0000000000002720
#
# JRE version: Java(TM) SE Runtime Environment (8.0_101-b13) (build 1.8.0_101-b13)
# Java VM: Java HotSpot(TM) 64-Bit Server VM (25.101-b13 mixed mode windows-amd64 compressed oops)
# Problematic frame:
# V  [jvm.dll+0x12a0a5]
#
# Failed to write core dump. Minidumps are not enabled by default on client versions of Windows
#
# If you would like to submit a bug report, please visit:
#   http://bugreport.java.com/bugreport/crash.jsp
#

---------------  T H R E A D  ---------------

Current thread (0x000000001990b000):  JavaThread "JDWP Transport Listener: dt_socket" daemon [_thread_in_vm, id=10016, stack(0x000000001af70000,0x000000001b070000)]

siginfo: ExceptionCode=0xc0000005, reading address 0x0000003b7373616c

Registers:
RAX=0x000000001b06f001, RBX=0x000000001990b000, RCX=0x0000003b7373616c, RDX=0x0000000000000000
RSP=0x000000001b06efc0, RBP=0x0000003b7373616c, RSI=0x000000001b06f0d8, RDI=0x000000000104be50
R8 =0x000000001990b000, R9 =0x0000000000000000, R10=0x0000000000000000, R11=0x0000000000000064
R12=0x0000000000000000, R13=0x0000000019916388, R14=0x0000000000000000, R15=0x0000000000000000
RIP=0x00000000703fa0a5, EFLAGS=0x0000000000010206

Top of Stack: (sp=0x000000001b06efc0)
0x000000001b06efc0:   000000001990b000 000000001990b000
0x000000001b06efd0:   000000001b06f088 0000000070602f0b
0x000000001b06efe0:   000000001990b000 000000007061f76d
0x000000001b06eff0:   0000000000000000 0000000070209155
0x000000001b06f000:   000000001b5db6e0 000000007021291e
0x000000001b06f010:   000000001990b000 0000000000000000
0x000000001b06f020:   0000000000000000 0000000000000000
0x000000001b06f030:   0000003b7373616c 0000000070211a15
0x000000001b06f040:   000000001b06f0d8 000000001b06f0b0
0x000000001b06f050:   0000000000000001 000000001b5db6e0
0x000000001b06f060:   0000003b7373616c 00000000701f53b3
0x000000001b06f070:   000000001b06f1a0 0000000000000001
0x000000001b06f080:   0000000000000001 000000001b5db6e0
0x000000001b06f090:   0000000000000008 0000000000000000
0x000000001b06f0a0:   0000000000000000 0000000000000000
0x000000001b06f0b0:   0000000000000001 00000000701f5571 

Instructions: (pc=0x00000000703fa0a5)
0x00000000703fa085:   cc cc cc cc cc cc cc cc cc cc cc 48 83 ec 28 48
0x00000000703fa095:   85 c9 75 07 33 c0 48 83 c4 28 c3 48 89 5c 24 20
0x00000000703fa0a5:   48 8b 19 48 85 db 74 20 48 83 fb 37 74 1a 48 8b
0x00000000703fa0b5:   13 48 8b cb ff 52 10 84 c0 74 0d 48 8b c3 48 8b 


Register to memory mapping:

RAX=0x000000001b06f001 is pointing into the stack for thread: 0x000000001990b000
RBX=0x000000001990b000 is a thread
RCX=0x0000003b7373616c is an unknown value
RDX=0x0000000000000000 is an unknown value
RSP=0x000000001b06efc0 is pointing into the stack for thread: 0x000000001990b000
RBP=0x0000003b7373616c is an unknown value
RSI=0x000000001b06f0d8 is pointing into the stack for thread: 0x000000001990b000
RDI=0x000000000104be50 is an unknown value
R8 =0x000000001990b000 is a thread
R9 =0x0000000000000000 is an unknown value
R10=0x0000000000000000 is an unknown value
R11=0x0000000000000064 is an unknown value
R12=0x0000000000000000 is an unknown value
R13=0x0000000019916388 is an unknown value
R14=0x0000000000000000 is an unknown value
R15=0x0000000000000000 is an unknown value


Stack: [0x000000001af70000,0x000000001b070000],  sp=0x000000001b06efc0,  free space=1019k
Native frames: (J=compiled Java code, j=interpreted, Vv=VM code, C=native code)
V  [jvm.dll+0x12a0a5]
V  [jvm.dll+0x34f76d]
C  [jdwp.dll+0x21a15]
C  [jdwp.dll+0x53b3]
C  [jdwp.dll+0x5571]
C  [jdwp.dll+0xf0a8]
C  [jdwp.dll+0x1f2d5]
C  [jdwp.dll+0x1f4aa]
V  [jvm.dll+0x1bd258]
V  [jvm.dll+0x2451a4]
V  [jvm.dll+0x29c18a]
C  [msvcr100.dll+0x21d9f]
C  [msvcr100.dll+0x21e3b]
C  [KERNEL32.DLL+0x8364]
C  [ntdll.dll+0x65e91]


---------------  P R O C E S S  ---------------

Java Threads: ( => current thread )
  0x000000001995e800 JavaThread "Service Thread" daemon [_thread_blocked, id=15068, stack(0x000000001b970000,0x000000001ba70000)]
  0x0000000019939000 JavaThread "C1 CompilerThread2" daemon [_thread_blocked, id=11868, stack(0x000000001b870000,0x000000001b970000)]
  0x0000000019938000 JavaThread "C2 CompilerThread1" daemon [_thread_blocked, id=7996, stack(0x000000001b370000,0x000000001b470000)]
  0x000000001993d000 JavaThread "C2 CompilerThread0" daemon [_thread_blocked, id=9048, stack(0x000000001b270000,0x000000001b370000)]
  0x0000000019927000 JavaThread "JDWP Command Reader" daemon [_thread_in_native, id=7656, stack(0x000000001b170000,0x000000001b270000)]
  0x000000001991a000 JavaThread "JDWP Event Helper Thread" daemon [_thread_blocked, id=11844, stack(0x000000001b070000,0x000000001b170000)]
=>0x000000001990b000 JavaThread "JDWP Transport Listener: dt_socket" daemon [_thread_in_vm, id=10016, stack(0x000000001af70000,0x000000001b070000)]
  0x0000000019903000 JavaThread "Attach Listener" daemon [_thread_blocked, id=8504, stack(0x000000001ae70000,0x000000001af70000)]
  0x0000000019900000 JavaThread "Signal Dispatcher" daemon [_thread_blocked, id=3048, stack(0x000000001ad70000,0x000000001ae70000)]
  0x00000000028ed800 JavaThread "Finalizer" daemon [_thread_blocked, id=8656, stack(0x000000001ab70000,0x000000001ac70000)]
  0x00000000028e2800 JavaThread "Reference Handler" daemon [_thread_blocked, id=12548, stack(0x000000001aa70000,0x000000001ab70000)]
  0x00000000027f4000 JavaThread "main" [_thread_blocked, id=224, stack(0x00000000026f0000,0x00000000027f0000)]

Other Threads:
  0x00000000198c7800 VMThread [stack: 0x000000001a970000,0x000000001aa70000] [id=13800]
  0x000000001b4e8800 WatcherThread [stack: 0x000000001ba70000,0x000000001bb70000] [id=7364]

VM state:not at safepoint (normal execution)

VM Mutex/Monitor currently owned by a thread: None

Heap:
 PSYoungGen      total 56832K, used 7864K [0x0000000780d00000, 0x0000000784c00000, 0x00000007c0000000)
  eden space 49152K, 16% used [0x0000000780d00000,0x00000007814ae2a8,0x0000000783d00000)
  from space 7680K, 0% used [0x0000000784480000,0x0000000784480000,0x0000000784c00000)
  to   space 7680K, 0% used [0x0000000783d00000,0x0000000783d00000,0x0000000784480000)
 ParOldGen       total 130048K, used 0K [0x0000000702600000, 0x000000070a500000, 0x0000000780d00000)
  object space 130048K, 0% used [0x0000000702600000,0x0000000702600000,0x000000070a500000)
 Metaspace       used 4580K, capacity 5126K, committed 5248K, reserved 1056768K
  class space    used 531K, capacity 561K, committed 640K, reserved 1048576K

Card table byte_map: [0x0000000011cb0000,0x00000000122a0000] byte_map_base: 0x000000000e49d000

Marking Bits: (ParMarkBitMap*) 0x0000000070aea6d0
 Begin Bits: [0x0000000012aa0000, 0x0000000015a08000)
 End Bits:   [0x0000000015a08000, 0x0000000018970000)

Polling page: 0x0000000000a70000

CodeCache: size=245760Kb used=1918Kb max_used=1918Kb free=243841Kb
 bounds [0x00000000028f0000, 0x0000000002b60000, 0x00000000118f0000]
 total_blobs=529 nmethods=278 adapters=172
 compilation: enabled

Compilation events (10 events):
Event: 0.444 Thread 0x0000000019939000  273       3       java.io.DataOutputStream::writeUTF (435 bytes)
Event: 0.446 Thread 0x0000000019939000 nmethod 273 0x0000000002ac7dd0 code [0x0000000002ac8100, 0x0000000002ac9d88]
Event: 0.446 Thread 0x0000000019939000  274       3       sun.misc.ProxyGenerator$ConstantPool$ValueEntry::write (190 bytes)
Event: 0.448 Thread 0x0000000019939000 nmethod 274 0x0000000002acad90 code [0x0000000002acb180, 0x0000000002acdc68]
Event: 0.448 Thread 0x0000000019939000  275   !   3       java.util.zip.Inflater::ended (32 bytes)
Event: 0.448 Thread 0x0000000019939000 nmethod 275 0x0000000002ace9d0 code [0x0000000002aceb40, 0x0000000002acef30]
Event: 0.451 Thread 0x0000000019939000  277       3       java.lang.String::lastIndexOf (151 bytes)
Event: 0.452 Thread 0x0000000019939000 nmethod 277 0x0000000002acf410 code [0x0000000002acf5c0, 0x0000000002acfb30]
Event: 0.452 Thread 0x0000000019939000  278       3       com.intellij.rt.execution.junit.MapSerializerUtil$1::escape (113 bytes)
Event: 0.452 Thread 0x0000000019939000 nmethod 278 0x0000000002ad0010 code [0x0000000002ad0180, 0x0000000002ad03d0]

GC Heap History (0 events):
No events

Deoptimization events (0 events):
No events

Internal exceptions (7 events):
Event: 0.054 Thread 0x00000000027f4000 Exception <a 'java/lang/NoSuchMethodError': Method sun.misc.Unsafe.defineClass(Ljava/lang/String;[BII)Ljava/lang/Class; name or signature does not match> (0x0000000780d07cc0) thrown at [C:\re\workspace\8-2-build-windows-amd64-cygwin\jdk8u101\7261\hotspot\sÉ.2?∞è´?
Event: 0.054 Thread 0x00000000027f4000 Exception <a 'java/lang/NoSuchMethodError': Method sun.misc.Unsafe.prefetchRead(Ljava/lang/Object;J)V name or signature does not match> (0x0000000780d07fa8) thrown at [C:\re\workspace\8-2-build-windows-amd64-cygwin\jdk8u101\7261\hotspot\src\share\vm\prims\ l‰ƒ3«œ?
Event: 0.248 Thread 0x00000000027f4000 Exception <a 'java/io/FileNotFoundException'> (0x0000000781073ac0) thrown at [C:\re\workspace\8-2-build-windows-amd64-cygwin\jdk8u101\7261\hotspot\src\share\vm\prims\jni.cpp, line 709]
Event: 0.263 Thread 0x00000000027f4000 Exception <a 'java/security/PrivilegedActionException'> (0x00000007810bde20) thrown at [C:\re\workspace\8-2-build-windows-amd64-cygwin\jdk8u101\7261\hotspot\src\share\vm\prims\jvm.cpp, line 1386]
Event: 0.263 Thread 0x00000000027f4000 Exception <a 'java/security/PrivilegedActionException'> (0x00000007810be030) thrown at [C:\re\workspace\8-2-build-windows-amd64-cygwin\jdk8u101\7261\hotspot\src\share\vm\prims\jvm.cpp, line 1386]
Event: 0.264 Thread 0x00000000027f4000 Exception <a 'java/security/PrivilegedActionException'> (0x00000007810c1f18) thrown at [C:\re\workspace\8-2-build-windows-amd64-cygwin\jdk8u101\7261\hotspot\src\share\vm\prims\jvm.cpp, line 1386]
Event: 0.264 Thread 0x00000000027f4000 Exception <a 'java/security/PrivilegedActionException'> (0x00000007810c2128) thrown at [C:\re\workspace\8-2-build-windows-amd64-cygwin\jdk8u101\7261\hotspot\src\share\vm\prims\jvm.cpp, line 1386]

Events (10 events):
Event: 27386.226 Executing VM operation: GetOrSetLocal
Event: 27386.226 Executing VM operation: GetOrSetLocal done
Event: 27386.230 Executing VM operation: GetOrSetLocal
Event: 27386.230 Executing VM operation: GetOrSetLocal done
Event: 27386.231 Executing VM operation: GetOrSetLocal
Event: 27386.231 Executing VM operation: GetOrSetLocal done
Event: 29200.203 Executing VM operation: RedefineClasses
Event: 29200.208 Executing VM operation: RedefineClasses done
Event: 29200.210 Executing VM operation: GetOrSetLocal
Event: 29200.210 Executing VM operation: GetOrSetLocal done


Dynamic libraries:
0x00007ff60f290000 - 0x00007ff60f2c7000 	C:\Program Files\Java\jdk1.8.0_101\bin\java.exe
0x00007ffe2e790000 - 0x00007ffe2e961000 	C:\WINDOWS\SYSTEM32\ntdll.dll
0x00007ffe2cd00000 - 0x00007ffe2cdab000 	C:\WINDOWS\System32\KERNEL32.DLL
0x00007ffe2b560000 - 0x00007ffe2b77d000 	C:\WINDOWS\System32\KERNELBASE.dll
0x00007ffe2d0c0000 - 0x00007ffe2d162000 	C:\WINDOWS\System32\ADVAPI32.dll
0x00007ffe2bd20000 - 0x00007ffe2bdbe000 	C:\WINDOWS\System32\msvcrt.dll
0x00007ffe2d170000 - 0x00007ffe2d1c9000 	C:\WINDOWS\System32\sechost.dll
0x00007ffe2cdb0000 - 0x00007ffe2ced1000 	C:\WINDOWS\System32\RPCRT4.dll
0x00007ffe2bdc0000 - 0x00007ffe2bf25000 	C:\WINDOWS\System32\USER32.dll
0x00007ffe2ba80000 - 0x00007ffe2ba9e000 	C:\WINDOWS\System32\win32u.dll
0x00007ffe2e750000 - 0x00007ffe2e784000 	C:\WINDOWS\System32\GDI32.dll
0x00007ffe2acf0000 - 0x00007ffe2ae72000 	C:\WINDOWS\System32\gdi32full.dll
0x00007ffe1ed70000 - 0x00007ffe1efe9000 	C:\WINDOWS\WinSxS\amd64_microsoft.windows.common-controls_6595b64144ccf1df_6.0.14393.0_none_2d0f50fcbdb171b8\COMCTL32.dll
0x00007ffe2c4a0000 - 0x00007ffe2c767000 	C:\WINDOWS\System32\combase.dll
0x00007ffe2b930000 - 0x00007ffe2ba25000 	C:\WINDOWS\System32\ucrtbase.dll
0x00007ffe2ac80000 - 0x00007ffe2acea000 	C:\WINDOWS\System32\bcryptPrimitives.dll
0x00007ffe2c9c0000 - 0x00007ffe2c9ee000 	C:\WINDOWS\System32\IMM32.DLL
0x0000000070b70000 - 0x0000000070c42000 	C:\Program Files\Java\jdk1.8.0_101\jre\bin\msvcr100.dll
0x00000000702d0000 - 0x0000000070b6a000 	C:\Program Files\Java\jdk1.8.0_101\jre\bin\server\jvm.dll
0x00007ffe2bf30000 - 0x00007ffe2bf38000 	C:\WINDOWS\System32\PSAPI.DLL
0x00007ffe18e40000 - 0x00007ffe18e49000 	C:\WINDOWS\SYSTEM32\WSOCK32.dll
0x00007ffe1e630000 - 0x00007ffe1e653000 	C:\WINDOWS\SYSTEM32\WINMM.dll
0x00007ffe27500000 - 0x00007ffe2750a000 	C:\WINDOWS\SYSTEM32\VERSION.dll
0x00007ffe2cb50000 - 0x00007ffe2cbba000 	C:\WINDOWS\System32\WS2_32.dll
0x00007ffe1e340000 - 0x00007ffe1e36b000 	C:\WINDOWS\SYSTEM32\WINMMBASE.dll
0x00007ffe2ba30000 - 0x00007ffe2ba72000 	C:\WINDOWS\System32\cfgmgr32.dll
0x00000000714d0000 - 0x00000000714df000 	C:\Program Files\Java\jdk1.8.0_101\jre\bin\verify.dll
0x00000000702a0000 - 0x00000000702c9000 	C:\Program Files\Java\jdk1.8.0_101\jre\bin\java.dll
0x00000000701f0000 - 0x0000000070225000 	C:\Program Files\Java\jdk1.8.0_101\jre\bin\jdwp.dll
0x00000000701e0000 - 0x00000000701e8000 	C:\Program Files\Java\jdk1.8.0_101\jre\bin\npt.dll
0x0000000070280000 - 0x0000000070296000 	C:\Program Files\Java\jdk1.8.0_101\jre\bin\zip.dll
0x00007ffe2d240000 - 0x00007ffe2e748000 	C:\WINDOWS\System32\SHELL32.dll
0x00007ffe2ae80000 - 0x00007ffe2b55a000 	C:\WINDOWS\System32\windows.storage.dll
0x00007ffe2ac30000 - 0x00007ffe2ac7c000 	C:\WINDOWS\System32\powrprof.dll
0x00007ffe2d060000 - 0x00007ffe2d0b2000 	C:\WINDOWS\System32\shlwapi.dll
0x00007ffe2abf0000 - 0x00007ffe2abff000 	C:\WINDOWS\System32\kernel.appcore.dll
0x00007ffe2baa0000 - 0x00007ffe2bb49000 	C:\WINDOWS\System32\shcore.dll
0x00007ffe2ac00000 - 0x00007ffe2ac14000 	C:\WINDOWS\System32\profapi.dll
0x00000000701d0000 - 0x00000000701d9000 	C:\Program Files\Java\jdk1.8.0_101\jre\bin\dt_socket.dll
0x00007ffe2a2e0000 - 0x00007ffe2a33c000 	C:\WINDOWS\system32\mswsock.dll
0x00007ffe24ba0000 - 0x00007ffe24d32000 	C:\WINDOWS\SYSTEM32\dbghelp.dll

VM Arguments:
jvm_args: -agentlib:jdwp=transport=dt_socket,address=127.0.0.1:49183,suspend=y,server=n -ea -Didea.junit.sm_runner -Dfile.encoding=UTF-8 
java_command: com.intellij.rt.execution.junit.JUnitStarter -ideVersion5 com.nordstrom.core.wordchecker.LetterGridTest,shouldGetResultsHorizontaly
java_class_path (initial): C:\Program Files (x86)\JetBrains\IntelliJ IDEA Community Edition 2016.2.2\lib\idea_rt.jar;C:\Program Files (x86)\JetBrains\IntelliJ IDEA Community Edition 2016.2.2\plugins\junit\lib\junit-rt.jar;C:\Program Files\Java\jdk1.8.0_101\jre\lib\charsets.jar;C:\Program Files\Java\jdk1.8.0_101\jre\lib\deploy.jar;C:\Program Files\Java\jdk1.8.0_101\jre\lib\ext\access-bridge-64.jar;C:\Program Files\Java\jdk1.8.0_101\jre\lib\ext\cldrdata.jar;C:\Program Files\Java\jdk1.8.0_101\jre\lib\ext\dnsns.jar;C:\Program Files\Java\jdk1.8.0_101\jre\lib\ext\jaccess.jar;C:\Program Files\Java\jdk1.8.0_101\jre\lib\ext\jfxrt.jar;C:\Program Files\Java\jdk1.8.0_101\jre\lib\ext\localedata.jar;C:\Program Files\Java\jdk1.8.0_101\jre\lib\ext\nashorn.jar;C:\Program Files\Java\jdk1.8.0_101\jre\lib\ext\sunec.jar;C:\Program Files\Java\jdk1.8.0_101\jre\lib\ext\sunjce_provider.jar;C:\Program Files\Java\jdk1.8.0_101\jre\lib\ext\sunmscapi.jar;C:\Program Files\Java\jdk1.8.0_101\jre\lib\ext\sunpkcs11.jar;C:\Program Files\Java\jdk1.8.0_101\jre\lib\ext\zipfs.jar;C:\Program Files\Java\jdk1.8.0_101\jre\lib\javaws.jar;C:\Program Files\Java\jdk1.8.0_101\jre\lib\jce.jar;C:\Program Files\Java\jdk1.8.0_101\jre\lib\jfr.jar;C:\Program Files\Java\jdk1.8.0_101\jre\lib\jfxswt.jar;C:\Program Files\Java\jdk1.8.0_101\jre\lib\jsse.jar;C:\Program Files\Java\jdk1.8.0_101\jre\lib\management-agent.jar;C:\Program Files\Java\jdk1.8.0_101\jre\lib\plugin.jar;C:\Program Files\Java\jdk1.8.0_101\jre\lib\resources.jar;C:\Program Files\Java\jdk1.8.0_101\jre\lib\rt.jar;C:\code\wordchecker\target\test-classes;C:\code\wordchecker\target\classes;C:\Users\plavelle\.m2\repository\org\springframework\boot\spring-boot-starter\1.4.0.RELEASE\spring-boot-starter-1.4.0.RELEASE.jar;C:\Users\plavelle\.m2\repository\org\springframework\boot\spring-boot\1.4.0.RELEASE\spring-boot-1.4.0.RELEASE.jar;C:\Users\plavelle\.m2\repository\org\springframework\spring-context\4.3.2.RELEASE\spring-context-4.3.2.RELEASE.jar;C:\Users\plavelle\.m
Launcher Type: SUN_STANDARD

Environment Variables:
PATH=C:\ProgramData\Oracle\Java\javapath;C:\Program Files (x86)\Intel\iCLS Client\;C:\Program Files\Intel\iCLS Client\;C:\Windows\system32;C:\Windows;C:\Windows\System32\Wbem;C:\Windows\System32\WindowsPowerShell\v1.0\;C:\Program Files (x86)\Intel\Intel(R) Management Engine Components\DAL;C:\Program Files\Intel\Intel(R) Management Engine Components\DAL;C:\Program Files (x86)\Intel\Intel(R) Management Engine Components\IPT;C:\Program Files\Intel\Intel(R) Management Engine Components\IPT;C:\Program Files (x86)\NVIDIA Corporation\PhysX\Common;C:\Program Files\Git\cmd;C:\Program Files\nodejs\;C:\Program Files (x86)\Skype\Phone\;C:\WINDOWS\system32;C:\WINDOWS;C:\WINDOWS\System32\Wbem;C:\WINDOWS\System32\WindowsPowerShell\v1.0\;C:\Program Files\Docker Toolbox;C:\Users\plavelle\AppData\Roaming\npm;C:\Users\plavelle\AppData\Roaming\Dashlane\4.5.2.16147\bin\Firefox_Extension\{442718d9-475e-452a-b3e1-fb1ee16b8e9f}\components;C:\Users\plavelle\AppData\Roaming\Dashlane\4.6.0.17042\bin\Firefox_Extension\{442718d9-475e-452a-b3e1-fb1ee16b8e9f}\components;C:\Users\plavelle\AppData\Local\Microsoft\WindowsApps;
USERNAME=plavelle
OS=Windows_NT
PROCESSOR_IDENTIFIER=Intel64 Family 6 Model 78 Stepping 3, GenuineIntel



---------------  S Y S T E M  ---------------

OS: Windows 10.0 , 64 bit Build 14393 (10.0.14393.0)

CPU:total 4 (2 cores per cpu, 2 threads per core) family 6 model 78 stepping 3, cmov, cx8, fxsr, mmx, sse, sse2, sse3, ssse3, sse4.1, sse4.2, popcnt, avx, avx2, aes, clmul, erms, 3dnowpref, lzcnt, ht, tsc, tscinvbit, bmi1, bmi2, adx

Memory: 4k page, physical 12426656k(8177552k free), swap 14917024k(8644880k free)

vm_info: Java HotSpot(TM) 64-Bit Server VM (25.101-b13) for windows-amd64 JRE (1.8.0_101-b13), built on Jun 22 2016 01:21:29 by "java_re" with MS VC++ 10.0 (VS2010)

time: Sun Sep 18 18:34:24 2016
elapsed time: 29200 seconds (0d 8h 6m 40s)

